Answer = 5956874698
Answer = 27966698281
Answer = 1693945946
Answer = 24304653041
Answer = 806508121
Answer = 4144321593
Answer = 4077600782
Answer = 11365889961
Answer = 16207802997
Answer = 4613244857
Answer = 4771240312
Answer = 228010408
Answer = 20331397843
Answer = 2812245247
Answer = 3404870164
Answer = 3483114239
Answer = 473773066
Answer = 4879957714
Answer = 26496773117
Answer = 45529288
Answer = 5341664983
Answer = 436560809
Answer = 14670559
Answer = 4831620166
Answer = 309867163
Answer = 700904672
Answer = 1141382964
Answer = 3789099
Answer = 1660044563
Answer = 1121187
Answer = 13752942296
Answer = 29160216
Answer = 2816007859
Answer = 2391999288
Answer = 551451174
Answer = 467880936
Answer = 872388298
Answer = 16959762372
Answer = 17984895832
Answer = 180859
Answer = 21430983999
Answer = 4735773583
Answer = 5308195968
Answer = 1821746594
Answer = 10474370997
Answer = 1098967123
Answer = 1067396457
Answer = 10661558563
Answer = 5321382444
Score count: 49
Midpoint: 24
scores:  [180859, 1121187, 3789099, 14670559, 29160216, 45529288, 228010408, 309867163, 436560809, 467880936, 473773066, 551451174, 700904672, 806508121, 872388298, 1067396457, 1098967123, 1141382964, 1660044563, 1693945946, 1821746594, 2391999288, 2812245247, 2816007859, 3404870164, 3483114239, 4077600782, 4144321593, 4613244857, 4735773583, 4771240312, 4831620166, 4879957714, 5308195968, 5321382444, 5341664983, 5956874698, 10474370997, 10661558563, 11365889961, 13752942296, 16207802997, 16959762372, 17984895832, 20331397843, 21430983999, 24304653041, 26496773117, 27966698281]
Middle score: 3404870164
